<?xml version="1.0" encoding="UTF-8"?>
<!-- Generated by org.testng.reporters.JUnitXMLReporter -->
<testsuite ignored="4" hostname="SOUMYABRATA-NANDI" failures="0" tests="2" name="Test" time="30.263" errors="0" timestamp="2024-11-08T15:28:29 IST">
  <testcase classname="practiceListener.Sample6Test" name="sampleMethList" time="23.723"/>
  <testcase classname="practiceListener.SampleTest" name="sampleMethod3" time="6.462"/>
  <testcase classname="com.comcast.crmlistenerutility.BaseClassUtility" name="@AfterSuite configAS" time="0.0">
    <ignored/>
  </testcase> <!-- @AfterSuite configAS -->
  <testcase classname="com.comcast.crmlistenerutility.BaseClassUtility" name="@BeforeSuite configBS" time="0.0">
    <ignored/>
  </testcase> <!-- @BeforeSuite configBS -->
  <testcase classname="practiceListener.Sample6Test" name="sampleMethod2" time="0.0">
    <ignored/>
  </testcase> <!-- sampleMethod2 -->
  <testcase classname="practiceListener.SampleTest" name="sampleMethList" time="0.0">
    <ignored/>
  </testcase> <!-- sampleMethList -->
</testsuite> <!-- Test -->
