<?xml version="1.0" encoding="UTF-8"?>
<testng-results ignored="4" total="6" passed="2" failed="0" skipped="0">
  <reporter-output>
  </reporter-output>
  <suite started-at="2024-11-08T15:27:58 IST" name="Suite" finished-at="2024-11-08T15:28:29 IST" duration-ms="30263">
    <groups>
      <group name="smokeTest">
        <method signature="Sample6Test.sampleMethList()[pri:0, instance:practiceListener.Sample6Test@41e36e46]" name="sampleMethList" class="practiceListener.Sample6Test"/>
        <method signature="SampleTest.sampleMethod3()[pri:0, instance:practiceListener.SampleTest@31c88ec8]" name="sampleMethod3" class="practiceListener.SampleTest"/>
      </group> <!-- smokeTest -->
    </groups>
    <test started-at="2024-11-08T15:27:58 IST" name="Test" finished-at="2024-11-08T15:28:29 IST" duration-ms="30263">
      <class name="practiceListener.SampleTest">
        <test-method is-config="true" signature="configBC()[pri:0, instance:practiceListener.SampleTest@31c88ec8]" started-at="2024-11-08T15:28:22 IST" name="configBC" finished-at="2024-11-08T15:28:22 IST" duration-ms="0" status="PASS">
          <reporter-output>
          </reporter-output>
        </test-method> <!-- configBC -->
        <test-method is-config="true" signature="configBM()[pri:0, instance:practiceListener.SampleTest@31c88ec8]" started-at="2024-11-08T15:28:22 IST" name="configBM" finished-at="2024-11-08T15:28:22 IST" duration-ms="1" status="PASS">
          <reporter-output>
          </reporter-output>
        </test-method> <!-- configBM -->
        <test-method signature="sampleMethod3()[pri:0, instance:practiceListener.SampleTest@31c88ec8]" started-at="2024-11-08T15:28:22 IST" name="sampleMethod3" finished-at="2024-11-08T15:28:29 IST" duration-ms="6462" status="PASS">
          <reporter-output>
          </reporter-output>
        </test-method> <!-- sampleMethod3 -->
        <test-method is-config="true" signature="configAM()[pri:0, instance:practiceListener.SampleTest@31c88ec8]" started-at="2024-11-08T15:28:29 IST" name="configAM" finished-at="2024-11-08T15:28:29 IST" duration-ms="1" status="PASS">
          <reporter-output>
          </reporter-output>
        </test-method> <!-- configAM -->
        <test-method is-config="true" signature="configAC()[pri:0, instance:practiceListener.SampleTest@31c88ec8]" started-at="2024-11-08T15:28:29 IST" name="configAC" finished-at="2024-11-08T15:28:29 IST" duration-ms="0" status="PASS">
          <reporter-output>
          </reporter-output>
        </test-method> <!-- configAC -->
      </class> <!-- practiceListener.SampleTest -->
      <class name="practiceListener.Sample6Test">
        <test-method is-config="true" signature="configBS()[pri:0, instance:practiceListener.Sample6Test@41e36e46]" started-at="2024-11-08T15:27:58 IST" name="configBS" finished-at="2024-11-08T15:27:58 IST" duration-ms="16" status="PASS">
          <reporter-output>
          </reporter-output>
        </test-method> <!-- configBS -->
        <test-method is-config="true" signature="configBC()[pri:0, instance:practiceListener.Sample6Test@41e36e46]" started-at="2024-11-08T15:27:58 IST" name="configBC" finished-at="2024-11-08T15:27:58 IST" duration-ms="1" status="PASS">
          <reporter-output>
          </reporter-output>
        </test-method> <!-- configBC -->
        <test-method is-config="true" signature="configBM()[pri:0, instance:practiceListener.Sample6Test@41e36e46]" started-at="2024-11-08T15:27:58 IST" name="configBM" finished-at="2024-11-08T15:27:58 IST" duration-ms="1" status="PASS">
          <reporter-output>
          </reporter-output>
        </test-method> <!-- configBM -->
        <test-method signature="sampleMethList()[pri:0, instance:practiceListener.Sample6Test@41e36e46]" started-at="2024-11-08T15:27:58 IST" name="sampleMethList" finished-at="2024-11-08T15:28:22 IST" duration-ms="23723" status="PASS">
          <reporter-output>
          </reporter-output>
        </test-method> <!-- sampleMethList -->
        <test-method is-config="true" signature="configAM()[pri:0, instance:practiceListener.Sample6Test@41e36e46]" started-at="2024-11-08T15:28:22 IST" name="configAM" finished-at="2024-11-08T15:28:22 IST" duration-ms="1" status="PASS">
          <reporter-output>
          </reporter-output>
        </test-method> <!-- configAM -->
        <test-method is-config="true" signature="configAC()[pri:0, instance:practiceListener.Sample6Test@41e36e46]" started-at="2024-11-08T15:28:22 IST" name="configAC" finished-at="2024-11-08T15:28:22 IST" duration-ms="1" status="PASS">
          <reporter-output>
          </reporter-output>
        </test-method> <!-- configAC -->
        <test-method is-config="true" signature="configAS()[pri:0, instance:practiceListener.Sample6Test@41e36e46]" started-at="2024-11-08T15:28:29 IST" name="configAS" finished-at="2024-11-08T15:28:29 IST" duration-ms="0" status="PASS">
          <reporter-output>
          </reporter-output>
        </test-method> <!-- configAS -->
      </class> <!-- practiceListener.Sample6Test -->
    </test> <!-- Test -->
  </suite> <!-- Suite -->
</testng-results>
